2023-06-16 15:52:31 error [www]: GET /api/admin Not Found
2023-06-16 15:52:47 error [www]: GET /api/admin Not Found
2023-06-16 15:53:04 error [www]: GET /api/admin Not Found
2023-06-16 15:53:44 error [www]: GET /api/admin Not Found
2023-06-16 15:54:07 error [www]: GET /api/admin Not Found
2023-06-16 15:55:56 error [www]: GET /api/admin Not Found
2023-06-16 16:01:20 error [www]: GET /api/admin Not Found
2023-06-16 16:03:08 error [www]: GET /api/admin Not Found
2023-06-16 16:03:15 error [www]: GET /api/admin Not Found
2023-06-16 16:03:57 error [www]: GET /api/admin Not Found
2023-06-16 16:04:28 error [www]: GET /api/admin Not Found
2023-06-16 16:05:03 error [www]: GET /api/admin Not Found
2023-06-16 16:05:41 error [www]: GET /api/admin The "path" argument must be of type string. Received undefined
2023-06-16 16:06:46 error [www]: GET /api/admin The "path" argument must be of type string. Received undefined
2023-06-16 17:26:04 error [www]: GET /api/admin/page res is not defined
2023-06-16 17:28:12 error [www]: GET /api/admin/page res is not defined
2023-06-16 17:58:27 error [www]: GET /api/admin/page http is not defined
2023-06-16 17:59:34 error [www]: GET /api/admin/page Invalid value "undefined" for header "Authorization"
2023-06-19 13:00:58 error [www]: GET /api/admin/page Invalid value "undefined" for header "Authorization"
2023-06-19 13:01:09 error [www]: GET /api/admin/page Invalid value "undefined" for header "Authorization"
2023-06-19 16:41:52 error [www]: GET /api/admin/page Invalid value "undefined" for header "Authorization"
2023-06-19 16:42:56 error [www]: GET /api/admin/page Invalid value "undefined" for header "Authorization"
2023-10-20 17:05:05 error [www]: GET / Not Found
2023-10-20 17:05:06 error [www]: GET /favicon.ico Not Found
2023-10-20 17:05:36 error [www]: GET / Not Found
2023-10-23 18:26:59 error [www]: POST /api/admin/page/save fs is not defined
2023-10-23 18:32:55 error [www]: POST /api/admin/page/save The "data" argument must be of type string or an instance of Buffer, TypedArray, or DataView. Received an instance of Object
2023-10-23 18:32:57 error [www]: POST /api/admin/page/save The "data" argument must be of type string or an instance of Buffer, TypedArray, or DataView. Received an instance of Object
2023-10-23 18:41:14 error [www]: POST /api/admin/page/save adminPageInfo is not defined
2023-10-23 18:42:50 error [www]: POST /api/admin/page/save adminPageInfo is not defined
2023-10-25 16:05:43 error [www]: POST /api/admin/page/save Callback must be a function. Received undefined
2023-10-26 14:04:23 error [www]: POST /api/admin/page/save client.query is not a function
2023-10-26 14:09:41 error [www]: POST /api/admin/page/save client.query is not a function
2023-10-26 14:10:37 error [www]: POST /api/admin/page/save client.query is not a function
2023-10-26 17:41:07 error [www]: POST /api/admin/page/edit Not Found
